<!DOCTYPE html PUBLIC "-//W3C//DTD XHTML 1.1//EN" "https://www.w3.org/TR/xhtml11/DTD/xhtml11.dtd">
<html xmlns="https://www.w3.org/1999/xhtml">
<head>
<meta http-equiv="content-type" content="text/html; charset=UTF-8"/>
<title>TestNG Report</title>
<style type="text/css">table {margin-bottom:10px;border-collapse:collapse;empty-cells:show}th,td {border:1px solid #009;padding:.25em .5em}th {vertical-align:bottom}td {vertical-align:top}table a {font-weight:bold}.stripe td {background-color: #E6EBF9}.num {text-align:right}.passedodd td {background-color: #3F3}.passedeven td {background-color: #0A0}.skippedodd td {background-color: #DDD}.skippedeven td {background-color: #CCC}.failedodd td,.attn {background-color: #F33}.failedeven td,.stripe .attn {background-color: #D00}.stacktrace {white-space:pre;font-family:monospace}.totop {font-size:85%;text-align:center;border-bottom:2px solid #000}.invisible {display:none}</style>
</head>
<body>
<table>
<tr><th>Test</th><th># Passed</th><th># Skipped</th><th># Retried</th><th># Failed</th><th>Time (ms)</th><th>Included Groups</th><th>Excluded Groups</th></tr>
<tr><th colspan="8">Suite</th></tr>
<tr><td><a href="#t0">Test</a></td><td class="num">9</td><td class="num">0</td><td class="num">0</td><td class="num attn">6</td><td class="num">1,123,266</td><td></td><td></td></tr>
</table>
<table id='summary'><thead><tr><th>Class</th><th>Method</th><th>Start</th><th>Time (ms)</th></tr></thead><tbody><tr><th colspan="4">Suite</th></tr></tbody><tbody id="t0"><tr><th colspan="4">Test &#8212; failed</th></tr><tr class="failedeven"><td rowspan="1">Tests.CreateNewCompanyTest</td><td><a href="#m0">createNewCompany</a></td><td rowspan="1">1736880239505</td><td rowspan="1">1690</td></tr><tr class="failedodd"><td rowspan="1">Tests.CreateNewInvoiceTest</td><td><a href="#m1">createNewPurchaseInvoice</a></td><td rowspan="1">1736880614538</td><td rowspan="1">0</td></tr><tr class="failedeven"><td rowspan="2">Tests.CreateNewReturnInvoiceTest</td><td><a href="#m2">createNewReturnPurchaseInvoice</a></td><td rowspan="1">1736880675298</td><td rowspan="1">4952</td></tr><tr class="failedeven"><td><a href="#m3">createNewReturnSalesInvoice</a></td><td rowspan="1">1736880619957</td><td rowspan="1">6240</td></tr><tr class="failedodd"><td rowspan="1">Tests.CreateNewVATReportTest</td><td><a href="#m4">createNewVatReport</a></td><td rowspan="1">1736880866132</td><td rowspan="1">482917</td></tr><tr class="failedeven"><td rowspan="1">Tests.LoginTest</td><td><a href="#m5">loginAndAssert</a></td><td rowspan="1">1736880230771</td><td rowspan="1">3256</td></tr><tr><th colspan="4">Test &#8212; passed</th></tr><tr class="passedeven"><td rowspan="1">Tests.CreateNewClientTest</td><td><a href="#m6">createNewClient</a></td><td rowspan="1">1736880253068</td><td rowspan="1">6977</td></tr><tr class="passedodd"><td rowspan="1">Tests.CreateNewInvoiceTest</td><td><a href="#m7">createNewSalesInvoice</a></td><td rowspan="1">1736880280919</td><td rowspan="1">333573</td></tr><tr class="passedeven"><td rowspan="1">Tests.CreateNewProductTest</td><td><a href="#m8">createNewProduct</a></td><td rowspan="1">1736880269333</td><td rowspan="1">3953</td></tr><tr class="passedodd"><td rowspan="4">Tests.CreateNewReturnInvoiceTest</td><td><a href="#m9">createNewCashbackSalesInvoice</a></td><td rowspan="1">1736880653628</td><td rowspan="1">21624</td></tr><tr class="passedodd"><td><a href="#m10">createNewPurchaseCashbackInvoice</a></td><td rowspan="1">1736880696569</td><td rowspan="1">143711</td></tr><tr class="passedodd"><td><a href="#m11">createNewPurchaseReturnInvoiceWithoutReferenceInvoice</a></td><td rowspan="1">1736880680283</td><td rowspan="1">16250</td></tr><tr class="passedodd"><td><a href="#m12">createNewSalesReturnInvoiceWithoutReferenceInvoice</a></td><td rowspan="1">1736880626229</td><td rowspan="1">27360</td></tr><tr class="passedeven"><td rowspan="2">Tests.ImportInvoicesTest</td><td><a href="#m13">ImportPurchaseInvoices</a></td><td rowspan="1">1736880852091</td><td rowspan="1">4297</td></tr><tr class="passedeven"><td><a href="#m14">ImportSalesInvoices</a></td><td rowspan="1">1736880847279</td><td rowspan="1">4810</td></tr></tbody>
</table>
<h2>Test</h2><h3 id="m0">Tests.CreateNewCompanyTest#createNewCompany</h3><table class="result"><tr class="param"><th>Parameter #1</th><th>Parameter #2</th><th>Parameter #3</th><th>Parameter #4</th><th>Parameter #5</th><th>Parameter #6</th><th>Parameter #7</th><th>Parameter #8</th><th>Parameter #9</th><th>Parameter #10</th><th>Parameter #11</th><th>Parameter #12</th></tr><tr class="param stripe"><td>Fai</td><td>منشأة</td><td>مؤسسة</td><td>1234567890</td><td>1111122222</td><td>0987654321</td><td>311111111111113</td><td>Jan 01 2024</td><td>شهري</td><td>mario@fai.sa</td><td>Mario Nady</td><td>مالك الحساب</td></tr><tr><th colspan="12">Exception</th></tr><tr><td colspan="12"><div class="stacktrace">org.openqa.selenium.NoSuchElementException: no such element: Unable to locate element: {&quot;method&quot;:&quot;css selector&quot;,&quot;selector&quot;:&quot;*[name=&apos;unified_number&apos;]&quot;}
  (Session info: chrome=131.0.6778.265)
For documentation on this error, please visit: https://www.selenium.dev/documentation/webdriver/troubleshooting/errors#no-such-element-exception
Build info: version: &apos;4.14.1&apos;, revision: &apos;03f8ede370&apos;
System info: os.name: &apos;Windows 10&apos;, os.arch: &apos;amd64&apos;, os.version: &apos;10.0&apos;, java.version: &apos;21.0.3&apos;
Driver info: org.openqa.selenium.chrome.ChromeDriver
Command: [00418096923f0a999ad27f686f643585, findElement {using=name, value=unified_number}]
Capabilities {acceptInsecureCerts: false, browserName: chrome, browserVersion: 131.0.6778.265, chrome: {chromedriverVersion: 131.0.6778.264 (2d05e315153..., userDataDir: C:\Users\lenovo\AppData\Loc...}, fedcm:accounts: true, goog:chromeOptions: {debuggerAddress: localhost:51932}, networkConnectionEnabled: false, pageLoadStrategy: normal, platformName: windows, proxy: Proxy(), se:cdp: ws://localhost:51932/devtoo..., se:cdpVersion: 131.0.6778.265, setWindowRect: true, strictFileInteractability: false, timeouts: {implicit: 0, pageLoad: 300000, script: 30000}, unhandledPromptBehavior: dismiss and notify, webauthn:extension:credBlob: true, webauthn:extension:largeBlob: true, webauthn:extension:minPinLength: true, webauthn:extension:prf: true, webauthn:virtualAuthenticators: true}
Session ID: 00418096923f0a999ad27f686f643585
	at org.openqa.selenium.remote.codec.w3c.W3CHttpResponseCodec.createException(W3CHttpResponseCodec.java:200)
	at org.openqa.selenium.remote.codec.w3c.W3CHttpResponseCodec.decode(W3CHttpResponseCodec.java:133)
	at org.openqa.selenium.remote.codec.w3c.W3CHttpResponseCodec.decode(W3CHttpResponseCodec.java:52)
	at org.openqa.selenium.remote.HttpCommandExecutor.execute(HttpCommandExecutor.java:191)
	at org.openqa.selenium.remote.service.DriverCommandExecutor.invokeExecute(DriverCommandExecutor.java:200)
	at org.openqa.selenium.remote.service.DriverCommandExecutor.execute(DriverCommandExecutor.java:175)
	at org.openqa.selenium.remote.RemoteWebDriver.execute(RemoteWebDriver.java:602)
	at org.openqa.selenium.remote.ElementLocation$ElementFinder$2.findElement(ElementLocation.java:165)
	at org.openqa.selenium.remote.ElementLocation.findElement(ElementLocation.java:59)
	at org.openqa.selenium.remote.RemoteWebDriver.findElement(RemoteWebDriver.java:359)
	at org.openqa.selenium.remote.RemoteWebDriver.findElement(RemoteWebDriver.java:353)
	at Pages.CreateNewCompanyPage.CreateNewCompanyStep2(CreateNewCompanyPage.java:62)
	at Tests.CreateNewCompanyTest.createNewCompany(CreateNewCompanyTest.java:48)
	at java.base/java.util.ArrayList.forEach(ArrayList.java:1596)
... Removed 28 stack frames</div></td></tr></table><p class="totop"><a href="#summary">back to summary</a></p>
<h3 id="m1">Tests.CreateNewInvoiceTest#createNewPurchaseInvoice</h3><table class="result"><tr><th>Exception</th></tr><tr><td><div class="stacktrace">java.lang.RuntimeException: java.lang.NullPointerException: Cannot invoke &quot;org.apache.poi.xssf.usermodel.XSSFCell.getCellType()&quot; because &quot;TestData.ExcelDataProvider.cell&quot; is null
	at java.base/java.util.ArrayList.forEach(ArrayList.java:1596)
Caused by: java.lang.NullPointerException: Cannot invoke &quot;org.apache.poi.xssf.usermodel.XSSFCell.getCellType()&quot; because &quot;TestData.ExcelDataProvider.cell&quot; is null
	at TestData.ExcelDataProvider.getSheetData(ExcelDataProvider.java:55)
	at Tests.CreateNewInvoiceTest.getPurchasesInvoiceData(CreateNewInvoiceTest.java:50)
	... 25 more
... Removed 30 stack frames</div></td></tr></table><p class="totop"><a href="#summary">back to summary</a></p>
<h3 id="m2">Tests.CreateNewReturnInvoiceTest#createNewReturnPurchaseInvoice</h3><table class="result"><tr class="param"><th>Parameter #1</th><th>Parameter #2</th><th>Parameter #3</th><th>Parameter #4</th><th>Parameter #5</th><th>Parameter #6</th></tr><tr class="param stripe"><td>purchases001</td><td>purchases001_return</td><td>Jul 05 2024</td><td>Jul 05 2024</td><td>test invoice notes</td><td>1</td></tr><tr><th colspan="6">Exception</th></tr><tr><td colspan="6"><div class="stacktrace">org.openqa.selenium.NoSuchElementException: no such element: Unable to locate element: {&quot;method&quot;:&quot;xpath&quot;,&quot;selector&quot;:&quot;//button[contains(@class, &apos;mantine-DatePickerInput-pickerControl&apos;) and text()=&apos;Jul&apos;]&quot;}
  (Session info: chrome=131.0.6778.265)
For documentation on this error, please visit: https://www.selenium.dev/documentation/webdriver/troubleshooting/errors#no-such-element-exception
Build info: version: &apos;4.14.1&apos;, revision: &apos;03f8ede370&apos;
System info: os.name: &apos;Windows 10&apos;, os.arch: &apos;amd64&apos;, os.version: &apos;10.0&apos;, java.version: &apos;21.0.3&apos;
Driver info: org.openqa.selenium.chrome.ChromeDriver
Command: [238784d93ed2baa71eea8457174cb5d2, findElement {using=xpath, value=//button[contains(@class, &apos;mantine-DatePickerInput-pickerControl&apos;) and text()=&apos;Jul&apos;]}]
Capabilities {acceptInsecureCerts: false, browserName: chrome, browserVersion: 131.0.6778.265, chrome: {chromedriverVersion: 131.0.6778.264 (2d05e315153..., userDataDir: C:\Users\lenovo\AppData\Loc...}, fedcm:accounts: true, goog:chromeOptions: {debuggerAddress: localhost:52650}, networkConnectionEnabled: false, pageLoadStrategy: normal, platformName: windows, proxy: Proxy(), se:cdp: ws://localhost:52650/devtoo..., se:cdpVersion: 131.0.6778.265, setWindowRect: true, strictFileInteractability: false, timeouts: {implicit: 0, pageLoad: 300000, script: 30000}, unhandledPromptBehavior: dismiss and notify, webauthn:extension:credBlob: true, webauthn:extension:largeBlob: true, webauthn:extension:minPinLength: true, webauthn:extension:prf: true, webauthn:virtualAuthenticators: true}
Session ID: 238784d93ed2baa71eea8457174cb5d2
	at org.openqa.selenium.remote.codec.w3c.W3CHttpResponseCodec.createException(W3CHttpResponseCodec.java:200)
	at org.openqa.selenium.remote.codec.w3c.W3CHttpResponseCodec.decode(W3CHttpResponseCodec.java:133)
	at org.openqa.selenium.remote.codec.w3c.W3CHttpResponseCodec.decode(W3CHttpResponseCodec.java:52)
	at org.openqa.selenium.remote.HttpCommandExecutor.execute(HttpCommandExecutor.java:191)
	at org.openqa.selenium.remote.service.DriverCommandExecutor.invokeExecute(DriverCommandExecutor.java:200)
	at org.openqa.selenium.remote.service.DriverCommandExecutor.execute(DriverCommandExecutor.java:175)
	at org.openqa.selenium.remote.RemoteWebDriver.execute(RemoteWebDriver.java:602)
	at org.openqa.selenium.remote.ElementLocation$ElementFinder$2.findElement(ElementLocation.java:165)
	at org.openqa.selenium.remote.ElementLocation.findElement(ElementLocation.java:59)
	at org.openqa.selenium.remote.RemoteWebDriver.findElement(RemoteWebDriver.java:359)
	at org.openqa.selenium.remote.RemoteWebDriver.findElement(RemoteWebDriver.java:353)
	at Pages.PageBase.setDate(PageBase.java:55)
	at Pages.CreateNewReturnInvoicePage.CreateNewReturnInvoiceStep3(CreateNewReturnInvoicePage.java:48)
	at Tests.CreateNewReturnInvoiceTest.createNewReturnPurchaseInvoice(CreateNewReturnInvoiceTest.java:166)
	at java.base/java.util.ArrayList.forEach(ArrayList.java:1596)
... Removed 28 stack frames</div></td></tr></table><p class="totop"><a href="#summary">back to summary</a></p>
<h3 id="m3">Tests.CreateNewReturnInvoiceTest#createNewReturnSalesInvoice</h3><table class="result"><tr class="param"><th>Parameter #1</th><th>Parameter #2</th><th>Parameter #3</th><th>Parameter #4</th><th>Parameter #5</th><th>Parameter #6</th></tr><tr class="param stripe"><td>sales001</td><td>sales001_return</td><td>Jul 05 2024</td><td>Jul 05 2024</td><td>test invoice notes</td><td>1</td></tr><tr><th colspan="6">Exception</th></tr><tr><td colspan="6"><div class="stacktrace">org.openqa.selenium.NoSuchElementException: no such element: Unable to locate element: {&quot;method&quot;:&quot;xpath&quot;,&quot;selector&quot;:&quot;//button[contains(@class, &apos;mantine-DatePickerInput-pickerControl&apos;) and text()=&apos;Jul&apos;]&quot;}
  (Session info: chrome=131.0.6778.265)
For documentation on this error, please visit: https://www.selenium.dev/documentation/webdriver/troubleshooting/errors#no-such-element-exception
Build info: version: &apos;4.14.1&apos;, revision: &apos;03f8ede370&apos;
System info: os.name: &apos;Windows 10&apos;, os.arch: &apos;amd64&apos;, os.version: &apos;10.0&apos;, java.version: &apos;21.0.3&apos;
Driver info: org.openqa.selenium.chrome.ChromeDriver
Command: [238784d93ed2baa71eea8457174cb5d2, findElement {using=xpath, value=//button[contains(@class, &apos;mantine-DatePickerInput-pickerControl&apos;) and text()=&apos;Jul&apos;]}]
Capabilities {acceptInsecureCerts: false, browserName: chrome, browserVersion: 131.0.6778.265, chrome: {chromedriverVersion: 131.0.6778.264 (2d05e315153..., userDataDir: C:\Users\lenovo\AppData\Loc...}, fedcm:accounts: true, goog:chromeOptions: {debuggerAddress: localhost:52650}, networkConnectionEnabled: false, pageLoadStrategy: normal, platformName: windows, proxy: Proxy(), se:cdp: ws://localhost:52650/devtoo..., se:cdpVersion: 131.0.6778.265, setWindowRect: true, strictFileInteractability: false, timeouts: {implicit: 0, pageLoad: 300000, script: 30000}, unhandledPromptBehavior: dismiss and notify, webauthn:extension:credBlob: true, webauthn:extension:largeBlob: true, webauthn:extension:minPinLength: true, webauthn:extension:prf: true, webauthn:virtualAuthenticators: true}
Session ID: 238784d93ed2baa71eea8457174cb5d2
	at org.openqa.selenium.remote.codec.w3c.W3CHttpResponseCodec.createException(W3CHttpResponseCodec.java:200)
	at org.openqa.selenium.remote.codec.w3c.W3CHttpResponseCodec.decode(W3CHttpResponseCodec.java:133)
	at org.openqa.selenium.remote.codec.w3c.W3CHttpResponseCodec.decode(W3CHttpResponseCodec.java:52)
	at org.openqa.selenium.remote.HttpCommandExecutor.execute(HttpCommandExecutor.java:191)
	at org.openqa.selenium.remote.service.DriverCommandExecutor.invokeExecute(DriverCommandExecutor.java:200)
	at org.openqa.selenium.remote.service.DriverCommandExecutor.execute(DriverCommandExecutor.java:175)
	at org.openqa.selenium.remote.RemoteWebDriver.execute(RemoteWebDriver.java:602)
	at org.openqa.selenium.remote.ElementLocation$ElementFinder$2.findElement(ElementLocation.java:165)
	at org.openqa.selenium.remote.ElementLocation.findElement(ElementLocation.java:59)
	at org.openqa.selenium.remote.RemoteWebDriver.findElement(RemoteWebDriver.java:359)
	at org.openqa.selenium.remote.RemoteWebDriver.findElement(RemoteWebDriver.java:353)
	at Pages.PageBase.setDate(PageBase.java:55)
	at Pages.CreateNewReturnInvoicePage.CreateNewReturnInvoiceStep3(CreateNewReturnInvoicePage.java:48)
	at Tests.CreateNewReturnInvoiceTest.createNewReturnSalesInvoice(CreateNewReturnInvoiceTest.java:101)
	at java.base/java.util.ArrayList.forEach(ArrayList.java:1596)
... Removed 28 stack frames</div></td></tr></table><p class="totop"><a href="#summary">back to summary</a></p>
<h3 id="m4">Tests.CreateNewVATReportTest#createNewVatReport</h3><table class="result"><tr class="param"><th>Parameter #1</th><th>Parameter #2</th><th>Parameter #3</th><th>Parameter #4</th><th>Parameter #5</th></tr><tr class="param stripe"><td>يناير 2025</td><td>Jan 2025</td><td>يناير</td><td>2025</td><td>تقرير شهر يناير سنه 2025</td></tr><tr><th colspan="5">Exception</th></tr><tr><td colspan="5"><div class="stacktrace">org.openqa.selenium.TimeoutException: Expected condition failed: waiting for visibility of element located by By.cssSelector: div[class*=&apos;Toastify__toast--success&apos;] &gt; div &gt;:last-child (tried for 480 second(s) with 500 milliseconds interval)
	at org.openqa.selenium.support.ui.WebDriverWait.timeoutException(WebDriverWait.java:84)
	at org.openqa.selenium.support.ui.FluentWait.until(FluentWait.java:230)
	at Pages.PageBase.getSuccessMsg(PageBase.java:88)
	at Tests.CreateNewVATReportTest.createNewVatReport(CreateNewVATReportTest.java:56)
	at java.base/java.util.ArrayList.forEach(ArrayList.java:1596)
Caused by: org.openqa.selenium.NoSuchWindowException: no such window: target window already closed
from unknown error: web view not found
  (Session info: chrome=131.0.6778.265)
Build info: version: &apos;4.14.1&apos;, revision: &apos;03f8ede370&apos;
System info: os.name: &apos;Windows 10&apos;, os.arch: &apos;amd64&apos;, os.version: &apos;10.0&apos;, java.version: &apos;21.0.3&apos;
Driver info: org.openqa.selenium.chrome.ChromeDriver
Command: [02463ebc593f493a493991b46e7b96ff, findElement {using=css selector, value=div[class*=&apos;Toastify__toast--success&apos;] &gt; div &gt;:last-child}]
Capabilities {acceptInsecureCerts: false, browserName: chrome, browserVersion: 131.0.6778.265, chrome: {chromedriverVersion: 131.0.6778.264 (2d05e315153..., userDataDir: C:\Users\lenovo\AppData\Loc...}, fedcm:accounts: true, goog:chromeOptions: {debuggerAddress: localhost:52982}, networkConnectionEnabled: false, pageLoadStrategy: normal, platformName: windows, proxy: Proxy(), se:cdp: ws://localhost:52982/devtoo..., se:cdpVersion: 131.0.6778.265, setWindowRect: true, strictFileInteractability: false, timeouts: {implicit: 0, pageLoad: 300000, script: 30000}, unhandledPromptBehavior: dismiss and notify, webauthn:extension:credBlob: true, webauthn:extension:largeBlob: true, webauthn:extension:minPinLength: true, webauthn:extension:prf: true, webauthn:virtualAuthenticators: true}
Session ID: 02463ebc593f493a493991b46e7b96ff
	at org.openqa.selenium.remote.codec.w3c.W3CHttpResponseCodec.createException(W3CHttpResponseCodec.java:200)
	at org.openqa.selenium.remote.codec.w3c.W3CHttpResponseCodec.decode(W3CHttpResponseCodec.java:133)
	at org.openqa.selenium.remote.codec.w3c.W3CHttpResponseCodec.decode(W3CHttpResponseCodec.java:52)
	at org.openqa.selenium.remote.HttpCommandExecutor.execute(HttpCommandExecutor.java:191)
	at org.openqa.selenium.remote.service.DriverCommandExecutor.invokeExecute(DriverCommandExecutor.java:200)
	at org.openqa.selenium.remote.service.DriverCommandExecutor.execute(DriverCommandExecutor.java:175)
	at org.openqa.selenium.remote.RemoteWebDriver.execute(RemoteWebDriver.java:602)
	at org.openqa.selenium.remote.ElementLocation$ElementFinder$2.findElement(ElementLocation.java:165)
	at org.openqa.selenium.remote.ElementLocation.findElement(ElementLocation.java:59)
	at org.openqa.selenium.remote.RemoteWebDriver.findElement(RemoteWebDriver.java:359)
	at org.openqa.selenium.remote.RemoteWebDriver.findElement(RemoteWebDriver.java:353)
	at org.openqa.selenium.support.ui.ExpectedConditions$7.apply(ExpectedConditions.java:194)
	at org.openqa.selenium.support.ui.ExpectedConditions$7.apply(ExpectedConditions.java:190)
	at org.openqa.selenium.support.ui.FluentWait.until(FluentWait.java:205)
	... 28 more
... Removed 28 stack frames</div></td></tr></table><p class="totop"><a href="#summary">back to summary</a></p>
<h3 id="m5">Tests.LoginTest#loginAndAssert</h3><table class="result"><tr class="param"><th>Parameter #1</th><th>Parameter #2</th></tr><tr class="param stripe"><td>nahlamakhlouf1@gmail.com</td><td>123456</td></tr><tr><th colspan="2">Exception</th></tr><tr><td colspan="2"><div class="stacktrace">java.lang.AssertionError: expected [https://fai-staging.ahadtest.com/] but found [https://prelive.fai.sa/]
	at Tests.LoginTest.loginAndAssert(LoginTest.java:40)
	at java.base/java.util.ArrayList.forEach(ArrayList.java:1596)
... Removed 31 stack frames</div></td></tr></table><p class="totop"><a href="#summary">back to summary</a></p>
<h3 id="m6">Tests.CreateNewClientTest#createNewClient</h3><table class="result"><tr class="param"><th>Parameter #1</th><th>Parameter #2</th><th>Parameter #3</th><th>Parameter #4</th><th>Parameter #5</th><th>Parameter #6</th><th>Parameter #7</th><th>Parameter #8</th><th>Parameter #9</th><th>Parameter #10</th><th>Parameter #11</th><th>Parameter #12</th><th>Parameter #13</th><th>Parameter #14</th><th>Parameter #15</th><th>Parameter #16</th><th>Parameter #17</th><th>Parameter #18</th><th>Parameter #19</th><th>Parameter #20</th><th>Parameter #21</th><th>Parameter #22</th><th>Parameter #23</th><th>Parameter #24</th><th>Parameter #25</th><th>Parameter #26</th></tr><tr class="param stripe"><td>Both</td><td>منة الله عماد</td><td>Menna Emad</td><td>حساب</td><td>كلاهما</td><td>مؤسسة</td><td>1111122222</td><td>2147483647</td><td>https://fai-wp.ahadtest.com</td><td>331111111111113</td><td>مصر</td><td>الإسكندرية</td><td>سموحه</td><td>123</td><td>12345</td><td>سموحه</td><td>smouha</td><td>0559505553</td><td>menna@fai.sa</td><td>ماريو نادى</td><td>MarioNady</td><td>مدير منتج</td><td>product manager</td><td>mario@fai.sa</td><td>مُعتَمَد</td><td>0559505554</td></tr></table><p class="totop"><a href="#summary">back to summary</a></p>
<h3 id="m7">Tests.CreateNewInvoiceTest#createNewSalesInvoice</h3><table class="result"><tr class="param"><th>Parameter #1</th><th>Parameter #2</th><th>Parameter #3</th><th>Parameter #4</th><th>Parameter #5</th><th>Parameter #6</th><th>Parameter #7</th><th>Parameter #8</th><th>Parameter #9</th><th>Parameter #10</th><th>Parameter #11</th></tr><tr class="param stripe"><td>Aug001</td><td>Nahla</td><td>Aug 01 2024</td><td>Aug 02 2024</td><td>test invoice notes</td><td>product1</td><td>بضائع</td><td>test product description</td><td>5</td><td>10</td><td>SA_SA_S050</td></tr></table><p class="totop"><a href="#summary">back to summary</a></p>
<h3 id="m8">Tests.CreateNewProductTest#createNewProduct</h3><table class="result"><tr class="param"><th>Parameter #1</th><th>Parameter #2</th><th>Parameter #3</th><th>Parameter #4</th><th>Parameter #5</th><th>Parameter #6</th><th>Parameter #7</th></tr><tr class="param stripe"><td>منتج</td><td>product</td><td>وصف المنتج</td><td>product description</td><td>كلاهما</td><td>1000</td><td>Auto</td></tr></table><p class="totop"><a href="#summary">back to summary</a></p>
<h3 id="m9">Tests.CreateNewReturnInvoiceTest#createNewCashbackSalesInvoice</h3><table class="result"><tr class="param"><th>Parameter #1</th><th>Parameter #2</th><th>Parameter #3</th><th>Parameter #4</th><th>Parameter #5</th><th>Parameter #6</th><th>Parameter #7</th></tr><tr class="param stripe"><td>Cashback001</td><td>Nahla</td><td>Aug 12 2024</td><td>Aug 12 2024</td><td>test invoice notes</td><td>500</td><td>SA_SA_S050-مرتجع</td></tr></table><p class="totop"><a href="#summary">back to summary</a></p>
<h3 id="m10">Tests.CreateNewReturnInvoiceTest#createNewPurchaseCashbackInvoice</h3><table class="result"><tr class="param"><th>Parameter #1</th><th>Parameter #2</th><th>Parameter #3</th><th>Parameter #4</th><th>Parameter #5</th><th>Parameter #6</th><th>Parameter #7</th></tr><tr class="param stripe"><td>p_Cashback001</td><td>Nahla</td><td>Aug 01 2024</td><td>Aug 02 2024</td><td>test invoice notes</td><td>1000</td><td>SA_PU_S050-مرتجع</td></tr></table><p class="totop"><a href="#summary">back to summary</a></p>
<h3 id="m11">Tests.CreateNewReturnInvoiceTest#createNewPurchaseReturnInvoiceWithoutReferenceInvoice</h3><table class="result"><tr class="param"><th>Parameter #1</th><th>Parameter #2</th><th>Parameter #3</th><th>Parameter #4</th><th>Parameter #5</th><th>Parameter #6</th><th>Parameter #7</th><th>Parameter #8</th><th>Parameter #9</th><th>Parameter #10</th><th>Parameter #11</th></tr><tr class="param stripe"><td>p_return001</td><td>Nahla</td><td>Aug 05 2024</td><td>Aug 05 2024</td><td>test invoice notes</td><td>product2</td><td>أصل</td><td>test description</td><td>1</td><td>0</td><td>SA_PU_S050-مرتجع</td></tr></table><p class="totop"><a href="#summary">back to summary</a></p>
<h3 id="m12">Tests.CreateNewReturnInvoiceTest#createNewSalesReturnInvoiceWithoutReferenceInvoice</h3><table class="result"><tr class="param"><th>Parameter #1</th><th>Parameter #2</th><th>Parameter #3</th><th>Parameter #4</th><th>Parameter #5</th><th>Parameter #6</th><th>Parameter #7</th><th>Parameter #8</th><th>Parameter #9</th><th>Parameter #10</th><th>Parameter #11</th></tr><tr class="param stripe"><td>return001</td><td>Nahla</td><td>Aug 05 2024</td><td>Aug 05 2024</td><td>test invoice notes</td><td>product1</td><td>بضائع</td><td>test description</td><td>1</td><td>0</td><td>SA_SA_S050-مرتجع</td></tr></table><p class="totop"><a href="#summary">back to summary</a></p>
<h3 id="m13">Tests.ImportInvoicesTest#ImportPurchaseInvoices</h3><table class="result"><tr><th class="invisible"/></tr></table><p class="totop"><a href="#summary">back to summary</a></p>
<h3 id="m14">Tests.ImportInvoicesTest#ImportSalesInvoices</h3><table class="result"><tr><th class="invisible"/></tr></table><p class="totop"><a href="#summary">back to summary</a></p>
</body>
</html>
